<?xml version="1.0" encoding="UTF-8"?>
<!-- Generated by org.testng.reporters.JUnitXMLReporter -->
<testsuite hostname="BDC4-D-1SK0N62" ignored="0" name="Test" tests="5" failures="0" timestamp="08 Feb 2019 09:01:08 GMT" time="1.839" errors="0">
  <testcase name="@BeforeTest beforeTest" time="0.0" classname="seleniumadvanced.demoSite">
    <failure type="org.testng.TestNGException" message="
Parameter &amp;apos;browser&amp;apos; is required by BeforeTest on method beforeTest but has not been marked @Optional or defined
in C:\Selinium_adv\selenium1stday\testng.xml">
      <![CDATA[org.testng.TestNGException: 
Parameter 'browser' is required by BeforeTest on method beforeTest but has not been marked @Optional or defined
in C:\Selinium_adv\selenium1stday\testng.xml
at java.util.concurrent.FutureTask.run(Unknown Source)
at java.util.concurrent.ThreadPoolExecutor.runWorker(Unknown Source)
at java.util.concurrent.ThreadPoolExecutor$Worker.run(Unknown Source)
at java.lang.Thread.run(Unknown Source)
... Removed 12 stack frames]]>
    </failure>
  </testcase> <!-- @BeforeTest beforeTest -->
  <testcase name="@AfterTest afterTest" time="0.0" classname="seleniumadvanced.demoSite">
    <skipped/>
  </testcase> <!-- @AfterTest afterTest -->
  <testcase name="demoSitelogin" time="0.0" classname="seleniumadvanced.demoSite">
    <skipped/>
  </testcase> <!-- demoSitelogin -->
  <testcase name="demoSitelogin" time="0.0" classname="seleniumadvanced.demoSite">
    <skipped/>
  </testcase> <!-- demoSitelogin -->
  <testcase name="demoSitelogin" time="0.0" classname="seleniumadvanced.demoSite">
    <skipped/>
  </testcase> <!-- demoSitelogin -->
  <testcase name="demoSitelogin" time="0.0" classname="seleniumadvanced.demoSite">
    <skipped/>
  </testcase> <!-- demoSitelogin -->
  <testcase name="demoSitelogin" time="0.0" classname="seleniumadvanced.demoSite">
    <skipped/>
  </testcase> <!-- demoSitelogin -->
</testsuite> <!-- Test -->
